<?xml version="1.0" encoding="UTF-8"?>
<!-- Generated by org.testng.reporters.JUnitXMLReporter -->
<testsuite hostname="MacBook-Pro-2014.local" name="Default test" tests="4" failures="0" timestamp="15 Apr 2016 04:14:42 GMT" time="0.048" errors="0">
  <testcase name="testDivideNumbers" time="0.012" classname="com.sqa.mz.util.helpers.DivisionTest"/>
  <testcase name="testDivideNumbers" time="0.003" classname="com.sqa.mz.util.helpers.DivisionTest"/>
  <testcase name="testDivideNumbers" time="0.004" classname="com.sqa.mz.util.helpers.DivisionTest"/>
  <testcase name="testDivideNumbers" time="0.004" classname="com.sqa.mz.util.helpers.DivisionTest"/>
</testsuite> <!-- Default test -->
