<?xml version="1.0" encoding="UTF-8"?>
<testng-results skipped="0" failed="0" total="4" passed="4">
  <reporter-output>
  </reporter-output>
  <suite name="Default suite" duration-ms="48" started-at="2016-04-15T04:14:42Z" finished-at="2016-04-15T04:14:42Z">
    <groups>
    </groups>
    <test name="Default test" duration-ms="48" started-at="2016-04-15T04:14:42Z" finished-at="2016-04-15T04:14:42Z">
      <class name="com.sqa.mz.util.helpers.DivisionTest">
        <test-method status="PASS" signature="testDivideNumbers(double, double, double)[pri:0, instance:com.sqa.mz.util.helpers.DivisionTest@5ab5b91]" name="testDivideNumbers" duration-ms="12" started-at="2016-04-14T21:14:42Z" data-provider="getData" finished-at="2016-04-14T21:14:42Z">
          <params>
            <param index="0">
              <value>
                <![CDATA[4.0]]>
              </value>
            </param>
            <param index="1">
              <value>
                <![CDATA[2.0]]>
              </value>
            </param>
            <param index="2">
              <value>
                <![CDATA[2.0]]>
              </value>
            </param>
          </params>
          <reporter-output>
          </reporter-output>
        </test-method> <!-- testDivideNumbers -->
        <test-method status="PASS" signature="testDivideNumbers(double, double, double)[pri:0, instance:com.sqa.mz.util.helpers.DivisionTest@5ab5b91]" name="testDivideNumbers" duration-ms="3" started-at="2016-04-14T21:14:42Z" data-provider="getData" finished-at="2016-04-14T21:14:42Z">
          <params>
            <param index="0">
              <value>
                <![CDATA[6.0]]>
              </value>
            </param>
            <param index="1">
              <value>
                <![CDATA[2.0]]>
              </value>
            </param>
            <param index="2">
              <value>
                <![CDATA[3.0]]>
              </value>
            </param>
          </params>
          <reporter-output>
          </reporter-output>
        </test-method> <!-- testDivideNumbers -->
        <test-method status="PASS" signature="testDivideNumbers(double, double, double)[pri:0, instance:com.sqa.mz.util.helpers.DivisionTest@5ab5b91]" name="testDivideNumbers" duration-ms="4" started-at="2016-04-14T21:14:42Z" data-provider="getData" finished-at="2016-04-14T21:14:42Z">
          <params>
            <param index="0">
              <value>
                <![CDATA[12.0]]>
              </value>
            </param>
            <param index="1">
              <value>
                <![CDATA[4.0]]>
              </value>
            </param>
            <param index="2">
              <value>
                <![CDATA[3.0]]>
              </value>
            </param>
          </params>
          <reporter-output>
          </reporter-output>
        </test-method> <!-- testDivideNumbers -->
        <test-method status="PASS" signature="testDivideNumbers(double, double, double)[pri:0, instance:com.sqa.mz.util.helpers.DivisionTest@5ab5b91]" name="testDivideNumbers" duration-ms="4" started-at="2016-04-14T21:14:42Z" data-provider="getData" finished-at="2016-04-14T21:14:42Z">
          <params>
            <param index="0">
              <value>
                <![CDATA[100.0]]>
              </value>
            </param>
            <param index="1">
              <value>
                <![CDATA[50.0]]>
              </value>
            </param>
            <param index="2">
              <value>
                <![CDATA[2.0]]>
              </value>
            </param>
          </params>
          <reporter-output>
          </reporter-output>
        </test-method> <!-- testDivideNumbers -->
      </class> <!-- com.sqa.mz.util.helpers.DivisionTest -->
    </test> <!-- Default test -->
  </suite> <!-- Default suite -->
</testng-results>
